<?xml version="1.0" encoding="UTF-8"?>
<!-- Generated by org.testng.reporters.JUnitXMLReporter -->
<testsuite hostname="Desktop-Piyush" ignored="0" name="Test" tests="29" failures="2" timestamp="24 Mar 2020 22:29:52 GMT" time="558.142" errors="0">
  <testcase name="SandBox" time="0.101" classname="tests.RegistrationTest"/>
  <testcase name="Register_ValidUserValidPass" time="1.364" classname="tests.RegistrationTest"/>
  <testcase name="SetPassword" time="70.536" classname="tests.RegistrationTest"/>
  <testcase name="login_ValidUserValidPass" time="9.371" classname="tests.CreateProject_TestScenario1"/>
  <testcase name="NewProject" time="22.564" classname="tests.CreateProject_TestScenario1"/>
  <testcase name="ProjectName" time="3.287" classname="tests.CreateProject_TestScenario1"/>
  <testcase name="UserStory" time="26.5" classname="tests.CreateProject_TestScenario1"/>
  <testcase name="login_ValidUserValidPass" time="11.904" classname="tests.CreateXrayProject_TestScenario2"/>
  <testcase name="CreateXrayProject" time="16.191" classname="tests.CreateXrayProject_TestScenario2"/>
  <testcase name="ProjectName" time="3.453" classname="tests.CreateXrayProject_TestScenario2"/>
  <testcase name="UserStory" time="24.337" classname="tests.CreateXrayProject_TestScenario2"/>
  <testcase name="Plan" time="16.402" classname="tests.CreateXrayProject_TestScenario2"/>
  <testcase name="New_Registration" time="61.153" classname="tests.CreateXrayProject_TestScenario3"/>
  <testcase name="login_ValidUserValidPass" time="3.707" classname="tests.CreateXrayProject_TestScenario3"/>
  <testcase name="CreateXrayProject" time="22.781" classname="tests.CreateXrayProject_TestScenario3"/>
  <testcase name="ProjectName" time="3.37" classname="tests.CreateXrayProject_TestScenario3"/>
  <testcase name="UserStory" time="14.439" classname="tests.CreateXrayProject_TestScenario3"/>
  <testcase name="Task" time="19.492" classname="tests.CreateXrayProject_TestScenario3"/>
  <testcase name="login_ValidUserValidPass" time="10.875" classname="tests.CreateProject_TestScenario4"/>
  <testcase name="NewProject" time="16.138" classname="tests.CreateProject_TestScenario4"/>
  <testcase name="ProjectName" time="3.312" classname="tests.CreateProject_TestScenario4"/>
  <testcase name="UserStory" time="25.292" classname="tests.CreateProject_TestScenario4"/>
  <testcase name="TestCase" time="13.296" classname="tests.CreateProject_TestScenario4">
    <failure type="org.openqa.selenium.ElementClickInterceptedException" message="element click intercepted: Element &amp;lt;button id=&amp;quot;project-config-actions&amp;quot; class=&amp;quot;aui-button aui-dropdown2-trigger&amp;quot; aria-haspopup=&amp;quot;true&amp;quot; resolved=&amp;quot;&amp;quot; aria-controls=&amp;quot;project-config-actions-list&amp;quot; aria-expanded=&amp;quot;false&amp;quot;&amp;gt;...&amp;lt;/button&amp;gt; is not clickable at point (1279, 80). Other element would receive the click: &amp;lt;div class=&amp;quot;aui-message closeable aui-message-info&amp;quot;&amp;gt;...&amp;lt;/div&amp;gt;
  (Session info: chrome=80.0.3987.149)
Build info: version: &amp;apos;3.141.59&amp;apos;, revision: &amp;apos;e82be7d358&amp;apos;, time: &amp;apos;2018-11-14T08:17:03&amp;apos;
System info: host: &amp;apos;DESKTOP-PIYUSH&amp;apos;, ip: &amp;apos;192.168.137.1&amp;apos;, os.name: &amp;apos;Windows 10&amp;apos;, os.arch: &amp;apos;amd64&amp;apos;, os.version: &amp;apos;10.0&amp;apos;, java.version: &amp;apos;1.8.0_241&amp;apos;
Driver info: org.openqa.selenium.chrome.ChromeDriver
Capabilities {acceptInsecureCerts: false, browserName: chrome, browserVersion: 80.0.3987.149, chrome: {chromedriverVersion: 80.0.3987.16 (320f6526c1632..., userDataDir: C:\Users\piyus\AppData\Loca...}, goog:chromeOptions: {debuggerAddress: localhost:55428}, javascriptEnabled: true, networkConnectionEnabled: false, pageLoadStrategy: normal, platform: WINDOWS, platformName: WINDOWS, proxy: Proxy(), setWindowRect: true, strictFileInteractability: false, timeouts: {implicit: 0, pageLoad: 300000, script: 30000}, unhandledPromptBehavior: dismiss and notify}
Session ID: 207dcde78e2fa780bf5dec3058e6bddc">
      <![CDATA[org.openqa.selenium.ElementClickInterceptedException: element click intercepted: Element <button id="project-config-actions" class="aui-button aui-dropdown2-trigger" aria-haspopup="true" resolved="" aria-controls="project-config-actions-list" aria-expanded="false">...</button> is not clickable at point (1279, 80). Other element would receive the click: <div class="aui-message closeable aui-message-info">...</div>
  (Session info: chrome=80.0.3987.149)
Build info: version: '3.141.59', revision: 'e82be7d358', time: '2018-11-14T08:17:03'
System info: host: 'DESKTOP-PIYUSH', ip: '192.168.137.1', os.name: 'Windows 10', os.arch: 'amd64', os.version: '10.0', java.version: '1.8.0_241'
Driver info: org.openqa.selenium.chrome.ChromeDriver
Capabilities {acceptInsecureCerts: false, browserName: chrome, browserVersion: 80.0.3987.149, chrome: {chromedriverVersion: 80.0.3987.16 (320f6526c1632..., userDataDir: C:\Users\piyus\AppData\Loca...}, goog:chromeOptions: {debuggerAddress: localhost:55428}, javascriptEnabled: true, networkConnectionEnabled: false, pageLoadStrategy: normal, platform: WINDOWS, platformName: WINDOWS, proxy: Proxy(), setWindowRect: true, strictFileInteractability: false, timeouts: {implicit: 0, pageLoad: 300000, script: 30000}, unhandledPromptBehavior: dismiss and notify}
Session ID: 207dcde78e2fa780bf5dec3058e6bddc
at org.openqa.selenium.remote.http.W3CHttpResponseCodec.createException(W3CHttpResponseCodec.java:187)
at org.openqa.selenium.remote.http.W3CHttpResponseCodec.decode(W3CHttpResponseCodec.java:122)
at org.openqa.selenium.remote.http.W3CHttpResponseCodec.decode(W3CHttpResponseCodec.java:49)
at org.openqa.selenium.remote.HttpCommandExecutor.execute(HttpCommandExecutor.java:158)
at org.openqa.selenium.remote.service.DriverCommandExecutor.execute(DriverCommandExecutor.java:83)
at org.openqa.selenium.remote.RemoteWebDriver.execute(RemoteWebDriver.java:552)
at org.openqa.selenium.remote.RemoteWebElement.execute(RemoteWebElement.java:285)
at org.openqa.selenium.remote.RemoteWebElement.click(RemoteWebElement.java:84)
at pages.CreateProject.Click(CreateProject.java:25)
at tests.CreateProject_TestScenario4.TestCase(CreateProject_TestScenario4.java:83)
... Removed 32 stack frames]]>
    </failure>
  </testcase> <!-- TestCase -->
  <testcase name="New_Registration" time="61.077" classname="tests.CreateXrayProject_TestScenario5"/>
  <testcase name="login_ValidUserValidPass" time="3.819" classname="tests.CreateXrayProject_TestScenario5"/>
  <testcase name="CreateXrayProject" time="22.556" classname="tests.CreateXrayProject_TestScenario5"/>
  <testcase name="ProjectName" time="3.352" classname="tests.CreateXrayProject_TestScenario5"/>
  <testcase name="UserStory" time="12.943" classname="tests.CreateXrayProject_TestScenario5"/>
  <testcase name="TestCase" time="12.928" classname="tests.CreateXrayProject_TestScenario5">
    <failure type="java.lang.IllegalArgumentException" message="Keys to send should be a not null CharSequence">
      <![CDATA[java.lang.IllegalArgumentException: Keys to send should be a not null CharSequence
at org.openqa.selenium.remote.RemoteWebElement.sendKeys(RemoteWebElement.java:97)
at pages.CreateProject.story(CreateProject.java:38)
at tests.CreateXrayProject_TestScenario5.TestCase(CreateXrayProject_TestScenario5.java:122)
... Removed 28 stack frames]]>
    </failure>
  </testcase> <!-- TestCase -->
</testsuite> <!-- Test -->
