<!DOCTYPE html PUBLIC "-//W3C//DTD XHTML 1.1//EN" "http://www.w3.org/TR/xhtml11/DTD/xhtml11.dtd">
<html xmlns="http://www.w3.org/1999/xhtml">
<head>
<meta http-equiv="content-type" content="text/html; charset=UTF-8"/>
<title>TestNG Report</title>
<style type="text/css">table {margin-bottom:10px;border-collapse:collapse;empty-cells:show}th,td {border:1px solid #009;padding:.25em .5em}th {vertical-align:bottom}td {vertical-align:top}table a {font-weight:bold}.stripe td {background-color: #E6EBF9}.num {text-align:right}.passedodd td {background-color: #3F3}.passedeven td {background-color: #0A0}.skippedodd td {background-color: #DDD}.skippedeven td {background-color: #CCC}.failedodd td,.attn {background-color: #F33}.failedeven td,.stripe .attn {background-color: #D00}.stacktrace {white-space:pre;font-family:monospace}.totop {font-size:85%;text-align:center;border-bottom:2px solid #000}.invisible {display:none}</style>
</head>
<body>
<table>
<tr><th>Test</th><th># Passed</th><th># Skipped</th><th># Failed</th><th>Time (ms)</th><th>Included Groups</th><th>Excluded Groups</th></tr>
<tr><th colspan="7">Suite</th></tr>
<tr><td><a href="#t0">Test</a></td><td class="num">27</td><td class="num">0</td><td class="num attn">2</td><td class="num">558,142</td><td></td><td></td></tr>
</table>
<table id='summary'><thead><tr><th>Class</th><th>Method</th><th>Start</th><th>Time (ms)</th></tr></thead><tbody><tr><th colspan="4">Suite</th></tr></tbody><tbody id="t0"><tr><th colspan="4">Test &#8212; failed</th></tr><tr class="failedeven"><td rowspan="1">tests.CreateProject_TestScenario4</td><td><a href="#m0">TestCase</a></td><td rowspan="1">1585088855498</td><td rowspan="1">13296</td></tr><tr class="failedodd"><td rowspan="1">tests.CreateXrayProject_TestScenario5</td><td><a href="#m1">TestCase</a></td><td rowspan="1">1585088975001</td><td rowspan="1">12928</td></tr><tr><th colspan="4">Test &#8212; passed</th></tr><tr class="passedeven"><td rowspan="4">tests.CreateProject_TestScenario1</td><td><a href="#m2">NewProject</a></td><td rowspan="1">1585088544596</td><td rowspan="1">22564</td></tr><tr class="passedeven"><td><a href="#m3">ProjectName</a></td><td rowspan="1">1585088567163</td><td rowspan="1">3287</td></tr><tr class="passedeven"><td><a href="#m4">UserStory</a></td><td rowspan="1">1585088570452</td><td rowspan="1">26500</td></tr><tr class="passedeven"><td><a href="#m5">login_ValidUserValidPass</a></td><td rowspan="1">1585088535221</td><td rowspan="1">9371</td></tr><tr class="passedodd"><td rowspan="4">tests.CreateProject_TestScenario4</td><td><a href="#m6">NewProject</a></td><td rowspan="1">1585088810748</td><td rowspan="1">16138</td></tr><tr class="passedodd"><td><a href="#m7">ProjectName</a></td><td rowspan="1">1585088826889</td><td rowspan="1">3312</td></tr><tr class="passedodd"><td><a href="#m8">UserStory</a></td><td rowspan="1">1585088830203</td><td rowspan="1">25292</td></tr><tr class="passedodd"><td><a href="#m9">login_ValidUserValidPass</a></td><td rowspan="1">1585088799871</td><td rowspan="1">10875</td></tr><tr class="passedeven"><td rowspan="5">tests.CreateXrayProject_TestScenario2</td><td><a href="#m10">CreateXrayProject</a></td><td rowspan="1">1585088610366</td><td rowspan="1">16191</td></tr><tr class="passedeven"><td><a href="#m11">Plan</a></td><td rowspan="1">1585088654354</td><td rowspan="1">16402</td></tr><tr class="passedeven"><td><a href="#m12">ProjectName</a></td><td rowspan="1">1585088626558</td><td rowspan="1">3453</td></tr><tr class="passedeven"><td><a href="#m13">UserStory</a></td><td rowspan="1">1585088630014</td><td rowspan="1">24337</td></tr><tr class="passedeven"><td><a href="#m14">login_ValidUserValidPass</a></td><td rowspan="1">1585088598460</td><td rowspan="1">11904</td></tr><tr class="passedodd"><td rowspan="6">tests.CreateXrayProject_TestScenario3</td><td><a href="#m15">CreateXrayProject</a></td><td rowspan="1">1585088738525</td><td rowspan="1">22781</td></tr><tr class="passedodd"><td><a href="#m16">New_Registration</a></td><td rowspan="1">1585088673655</td><td rowspan="1">61153</td></tr><tr class="passedodd"><td><a href="#m17">ProjectName</a></td><td rowspan="1">1585088761308</td><td rowspan="1">3370</td></tr><tr class="passedodd"><td><a href="#m18">Task</a></td><td rowspan="1">1585088779143</td><td rowspan="1">19492</td></tr><tr class="passedodd"><td><a href="#m19">UserStory</a></td><td rowspan="1">1585088764702</td><td rowspan="1">14439</td></tr><tr class="passedodd"><td><a href="#m20">login_ValidUserValidPass</a></td><td rowspan="1">1585088734817</td><td rowspan="1">3707</td></tr><tr class="passedeven"><td rowspan="5">tests.CreateXrayProject_TestScenario5</td><td><a href="#m21">CreateXrayProject</a></td><td rowspan="1">1585088936142</td><td rowspan="1">22556</td></tr><tr class="passedeven"><td><a href="#m22">New_Registration</a></td><td rowspan="1">1585088871239</td><td rowspan="1">61077</td></tr><tr class="passedeven"><td><a href="#m23">ProjectName</a></td><td rowspan="1">1585088958701</td><td rowspan="1">3352</td></tr><tr class="passedeven"><td><a href="#m24">UserStory</a></td><td rowspan="1">1585088962056</td><td rowspan="1">12943</td></tr><tr class="passedeven"><td><a href="#m25">login_ValidUserValidPass</a></td><td rowspan="1">1585088932320</td><td rowspan="1">3819</td></tr><tr class="passedodd"><td rowspan="3">tests.RegistrationTest</td><td><a href="#m26">Register_ValidUserValidPass</a></td><td rowspan="1">1585088463310</td><td rowspan="1">1364</td></tr><tr class="passedodd"><td><a href="#m27">SandBox</a></td><td rowspan="1">1585088463019</td><td rowspan="1">101</td></tr><tr class="passedodd"><td><a href="#m28">SetPassword</a></td><td rowspan="1">1585088464679</td><td rowspan="1">70536</td></tr></tbody>
</table>
<h2>Test</h2><h3 id="m0">tests.CreateProject_TestScenario4#TestCase</h3><table class="result"><tr><th>Exception</th></tr><tr><td><div class="stacktrace">org.openqa.selenium.ElementClickInterceptedException: element click intercepted: Element &lt;button id=&quot;project-config-actions&quot; class=&quot;aui-button aui-dropdown2-trigger&quot; aria-haspopup=&quot;true&quot; resolved=&quot;&quot; aria-controls=&quot;project-config-actions-list&quot; aria-expanded=&quot;false&quot;&gt;...&lt;/button&gt; is not clickable at point (1279, 80). Other element would receive the click: &lt;div class=&quot;aui-message closeable aui-message-info&quot;&gt;...&lt;/div&gt;
  (Session info: chrome=80.0.3987.149)
Build info: version: &apos;3.141.59&apos;, revision: &apos;e82be7d358&apos;, time: &apos;2018-11-14T08:17:03&apos;
System info: host: &apos;DESKTOP-PIYUSH&apos;, ip: &apos;192.168.137.1&apos;, os.name: &apos;Windows 10&apos;, os.arch: &apos;amd64&apos;, os.version: &apos;10.0&apos;, java.version: &apos;1.8.0_241&apos;
Driver info: org.openqa.selenium.chrome.ChromeDriver
Capabilities {acceptInsecureCerts: false, browserName: chrome, browserVersion: 80.0.3987.149, chrome: {chromedriverVersion: 80.0.3987.16 (320f6526c1632..., userDataDir: C:\Users\piyus\AppData\Loca...}, goog:chromeOptions: {debuggerAddress: localhost:55428}, javascriptEnabled: true, networkConnectionEnabled: false, pageLoadStrategy: normal, platform: WINDOWS, platformName: WINDOWS, proxy: Proxy(), setWindowRect: true, strictFileInteractability: false, timeouts: {implicit: 0, pageLoad: 300000, script: 30000}, unhandledPromptBehavior: dismiss and notify}
Session ID: 207dcde78e2fa780bf5dec3058e6bddc
	at org.openqa.selenium.remote.http.W3CHttpResponseCodec.createException(W3CHttpResponseCodec.java:187)
	at org.openqa.selenium.remote.http.W3CHttpResponseCodec.decode(W3CHttpResponseCodec.java:122)
	at org.openqa.selenium.remote.http.W3CHttpResponseCodec.decode(W3CHttpResponseCodec.java:49)
	at org.openqa.selenium.remote.HttpCommandExecutor.execute(HttpCommandExecutor.java:158)
	at org.openqa.selenium.remote.service.DriverCommandExecutor.execute(DriverCommandExecutor.java:83)
	at org.openqa.selenium.remote.RemoteWebDriver.execute(RemoteWebDriver.java:552)
	at org.openqa.selenium.remote.RemoteWebElement.execute(RemoteWebElement.java:285)
	at org.openqa.selenium.remote.RemoteWebElement.click(RemoteWebElement.java:84)
	at pages.CreateProject.Click(CreateProject.java:25)
	at tests.CreateProject_TestScenario4.TestCase(CreateProject_TestScenario4.java:83)
... Removed 32 stack frames</div></td></tr></table><p class="totop"><a href="#summary">back to summary</a></p>
<h3 id="m1">tests.CreateXrayProject_TestScenario5#TestCase</h3><table class="result"><tr><th>Exception</th></tr><tr><td><div class="stacktrace">java.lang.IllegalArgumentException: Keys to send should be a not null CharSequence
	at org.openqa.selenium.remote.RemoteWebElement.sendKeys(RemoteWebElement.java:97)
	at pages.CreateProject.story(CreateProject.java:38)
	at tests.CreateXrayProject_TestScenario5.TestCase(CreateXrayProject_TestScenario5.java:122)
... Removed 28 stack frames</div></td></tr></table><p class="totop"><a href="#summary">back to summary</a></p>
<h3 id="m2">tests.CreateProject_TestScenario1#NewProject</h3><table class="result"><tr><th class="invisible"/></tr></table><p class="totop"><a href="#summary">back to summary</a></p>
<h3 id="m3">tests.CreateProject_TestScenario1#ProjectName</h3><table class="result"><tr><th class="invisible"/></tr></table><p class="totop"><a href="#summary">back to summary</a></p>
<h3 id="m4">tests.CreateProject_TestScenario1#UserStory</h3><table class="result"><tr><th class="invisible"/></tr></table><p class="totop"><a href="#summary">back to summary</a></p>
<h3 id="m5">tests.CreateProject_TestScenario1#login_ValidUserValidPass</h3><table class="result"><tr><th class="invisible"/></tr></table><p class="totop"><a href="#summary">back to summary</a></p>
<h3 id="m6">tests.CreateProject_TestScenario4#NewProject</h3><table class="result"><tr><th class="invisible"/></tr></table><p class="totop"><a href="#summary">back to summary</a></p>
<h3 id="m7">tests.CreateProject_TestScenario4#ProjectName</h3><table class="result"><tr><th class="invisible"/></tr></table><p class="totop"><a href="#summary">back to summary</a></p>
<h3 id="m8">tests.CreateProject_TestScenario4#UserStory</h3><table class="result"><tr><th class="invisible"/></tr></table><p class="totop"><a href="#summary">back to summary</a></p>
<h3 id="m9">tests.CreateProject_TestScenario4#login_ValidUserValidPass</h3><table class="result"><tr><th class="invisible"/></tr></table><p class="totop"><a href="#summary">back to summary</a></p>
<h3 id="m10">tests.CreateXrayProject_TestScenario2#CreateXrayProject</h3><table class="result"><tr><th class="invisible"/></tr></table><p class="totop"><a href="#summary">back to summary</a></p>
<h3 id="m11">tests.CreateXrayProject_TestScenario2#Plan</h3><table class="result"><tr><th class="invisible"/></tr></table><p class="totop"><a href="#summary">back to summary</a></p>
<h3 id="m12">tests.CreateXrayProject_TestScenario2#ProjectName</h3><table class="result"><tr><th class="invisible"/></tr></table><p class="totop"><a href="#summary">back to summary</a></p>
<h3 id="m13">tests.CreateXrayProject_TestScenario2#UserStory</h3><table class="result"><tr><th class="invisible"/></tr></table><p class="totop"><a href="#summary">back to summary</a></p>
<h3 id="m14">tests.CreateXrayProject_TestScenario2#login_ValidUserValidPass</h3><table class="result"><tr><th class="invisible"/></tr></table><p class="totop"><a href="#summary">back to summary</a></p>
<h3 id="m15">tests.CreateXrayProject_TestScenario3#CreateXrayProject</h3><table class="result"><tr><th class="invisible"/></tr></table><p class="totop"><a href="#summary">back to summary</a></p>
<h3 id="m16">tests.CreateXrayProject_TestScenario3#New_Registration</h3><table class="result"><tr><th class="invisible"/></tr></table><p class="totop"><a href="#summary">back to summary</a></p>
<h3 id="m17">tests.CreateXrayProject_TestScenario3#ProjectName</h3><table class="result"><tr><th class="invisible"/></tr></table><p class="totop"><a href="#summary">back to summary</a></p>
<h3 id="m18">tests.CreateXrayProject_TestScenario3#Task</h3><table class="result"><tr><th class="invisible"/></tr></table><p class="totop"><a href="#summary">back to summary</a></p>
<h3 id="m19">tests.CreateXrayProject_TestScenario3#UserStory</h3><table class="result"><tr><th class="invisible"/></tr></table><p class="totop"><a href="#summary">back to summary</a></p>
<h3 id="m20">tests.CreateXrayProject_TestScenario3#login_ValidUserValidPass</h3><table class="result"><tr><th class="invisible"/></tr></table><p class="totop"><a href="#summary">back to summary</a></p>
<h3 id="m21">tests.CreateXrayProject_TestScenario5#CreateXrayProject</h3><table class="result"><tr><th class="invisible"/></tr></table><p class="totop"><a href="#summary">back to summary</a></p>
<h3 id="m22">tests.CreateXrayProject_TestScenario5#New_Registration</h3><table class="result"><tr><th class="invisible"/></tr></table><p class="totop"><a href="#summary">back to summary</a></p>
<h3 id="m23">tests.CreateXrayProject_TestScenario5#ProjectName</h3><table class="result"><tr><th class="invisible"/></tr></table><p class="totop"><a href="#summary">back to summary</a></p>
<h3 id="m24">tests.CreateXrayProject_TestScenario5#UserStory</h3><table class="result"><tr><th class="invisible"/></tr></table><p class="totop"><a href="#summary">back to summary</a></p>
<h3 id="m25">tests.CreateXrayProject_TestScenario5#login_ValidUserValidPass</h3><table class="result"><tr><th class="invisible"/></tr></table><p class="totop"><a href="#summary">back to summary</a></p>
<h3 id="m26">tests.RegistrationTest#Register_ValidUserValidPass</h3><table class="result"><tr><th class="invisible"/></tr></table><p class="totop"><a href="#summary">back to summary</a></p>
<h3 id="m27">tests.RegistrationTest#SandBox</h3><table class="result"><tr><th class="invisible"/></tr></table><p class="totop"><a href="#summary">back to summary</a></p>
<h3 id="m28">tests.RegistrationTest#SetPassword</h3><table class="result"><tr><th class="invisible"/></tr></table><p class="totop"><a href="#summary">back to summary</a></p>
</body>
</html>
